
> eduflow-app@0.1.0 dev
> next dev

   ▲ Next.js 16.0.10 (Turbopack)
   - Local:         http://localhost:3000
   - Network:       http://192.168.4.113:3000

 ✓ Starting...
 ✓ Ready in 516ms
 GET /login 200 in 2.9s (compile: 2.7s, render: 166ms)
 GET /login 200 in 2.7s (compile: 2.5s, render: 195ms)
 GET /register 200 in 2.9s (compile: 2.7s, render: 147ms)
 GET /icon?94522e5f3378276f 200 in 144ms
 GET /icon?94522e5f3378276f 200 in 648ms
 GET /icon?94522e5f3378276f 200 in 12ms
 GET /login 200 in 50ms (compile: 11ms, render: 39ms)
 GET /icon?94522e5f3378276f 200 in 16ms
 GET / 200 in 1403ms (compile: 1285ms, render: 118ms)
 GET /login 200 in 154ms (compile: 44ms, render: 110ms)
 GET / 200 in 45ms (compile: 15ms, render: 30ms)
 GET /login 200 in 75ms (compile: 31ms, render: 43ms)
 GET /login 200 in 217ms (compile: 68ms, render: 149ms)
 GET /login 200 in 323ms (compile: 79ms, render: 244ms)
 GET /icon?94522e5f3378276f 200 in 82ms
 GET / 200 in 64ms (compile: 13ms, render: 51ms)
 GET /login 200 in 17ms (compile: 8ms, render: 10ms)
 ✓ Compiled in 401ms
 GET /login 500 in 1224ms (compile: 1093ms, render: 131ms)
 ⨯ ./app/page.tsx:291:7
Parsing ecmascript source code failed
[0m [90m 289 |[39m       console[33m.[39merror([32m"Failed to fetch users"[39m)[33m;[39m
 [90m 290 |[39m     } [36mfinally[39m {
[31m[1m>[22m[39m[90m 291 |[39m     } [36mfinally[39m {
 [90m     |[39m       [31m[1m^[22m[39m[31m[1m^[22m[39m[31m[1m^[22m[39m[31m[1m^[22m[39m[31m[1m^[22m[39m[31m[1m^[22m[39m[31m[1m^[22m[39m
 [90m 292 |[39m       setTimeout(() [33m=>[39m {
 [90m 293 |[39m         console[33m.[39mlog([32m"Loading splash done"[39m)[33m;[39m
 [90m 294 |[39m         setLoading([36mfalse[39m)[33m;[39m[0m

Expected a semicolon

Import traces:
  Client Component Browser:
    ./app/page.tsx [Client Component Browser]
    ./app/page.tsx [Server Component]

  Client Component SSR:
    ./app/page.tsx [Client Component SSR]
    ./app/page.tsx [Server Component]


 GET / 500 in 290ms (compile: 269ms, render: 21ms)
 ✓ Compiled in 149ms
 GET /login 200 in 370ms (compile: 20ms, render: 350ms)
 GET /register 200 in 371ms (compile: 304ms, render: 68ms)
 GET /login 200 in 374ms (compile: 311ms, render: 63ms)
 GET / 200 in 391ms (compile: 185ms, render: 206ms)
 GET /icon?94522e5f3378276f 200 in 71ms
 GET /login 200 in 80ms (compile: 35ms, render: 45ms)
 GET /login 200 in 143ms (compile: 34ms, render: 110ms)
 GET /icon?94522e5f3378276f 200 in 38ms
 GET / 200 in 96ms (compile: 42ms, render: 54ms)
 GET /login 200 in 31ms (compile: 10ms, render: 22ms)
 GET /login 200 in 161ms (compile: 25ms, render: 137ms)
 GET /icon?94522e5f3378276f 200 in 22ms
(node:14221) [DEP0060] DeprecationWarning: The `util._extend` API is deprecated. Please use Object.assign() instead.
(Use `node --trace-deprecation ...` to show where the warning was created)
 GET / 200 in 123ms (compile: 73ms, render: 50ms)
 GET / 200 in 74ms (compile: 27ms, render: 47ms)
 GET /icon?94522e5f3378276f 200 in 17ms
 GET / 200 in 129ms (compile: 25ms, render: 104ms)
 GET /icon?94522e5f3378276f 200 in 44ms
 GET / 200 in 122ms (compile: 23ms, render: 99ms)
 GET /icon?94522e5f3378276f 200 in 14ms
 GET / 200 in 55ms (compile: 14ms, render: 41ms)
 GET /icon?94522e5f3378276f 200 in 12ms
 ✓ Compiled in 162ms
